<?xml version="1.0" encoding="UTF-8"?>
<coverage generated="1689688599787" clover="3.2.0">
  <project timestamp="1689688599787" name="All files">
    <metrics statements="22" coveredstatements="22" conditionals="6" coveredconditionals="6" methods="7" coveredmethods="7" elements="35" coveredelements="35" complexity="0" loc="22" ncloc="22" packages="1" files="4" classes="4"/>
    <file name="calculator.js" path="C:\Users\kathy\OneDrive\Desktop\microverse\MOdule_2\Testing-practice\calculator.js">
      <metrics statements="6" coveredstatements="6" conditionals="2" coveredconditionals="2" methods="4" coveredmethods="4"/>
      <line num="3" count="1" type="stmt"/>
      <line num="6" count="1" type="stmt"/>
      <line num="9" count="1" type="stmt"/>
      <line num="12" count="2" type="cond" truecount="2" falsecount="0"/>
      <line num="13" count="1" type="stmt"/>
      <line num="18" count="1" type="stmt"/>
    </file>
    <file name="capitalize.js" path="C:\Users\kathy\OneDrive\Desktop\microverse\MOdule_2\Testing-practice\capitalize.js">
      <metrics statements="6" coveredstatements="6" conditionals="0" coveredconditionals="0" methods="1" coveredmethods="1"/>
      <line num="2" count="1" type="stmt"/>
      <line num="3" count="1" type="stmt"/>
      <line num="4" count="1" type="stmt"/>
      <line num="5" count="1" type="stmt"/>
      <line num="6" count="1" type="stmt"/>
      <line num="9" count="1" type="stmt"/>
    </file>
    <file name="reverseString.js" path="C:\Users\kathy\OneDrive\Desktop\microverse\MOdule_2\Testing-practice\reverseString.js">
      <metrics statements="3" coveredstatements="3" conditionals="0" coveredconditionals="0" methods="1" coveredmethods="1"/>
      <line num="1" count="1" type="stmt"/>
      <line num="2" count="1" type="stmt"/>
      <line num="5" count="1" type="stmt"/>
    </file>
    <file name="stringLength.js" path="C:\Users\kathy\OneDrive\Desktop\microverse\MOdule_2\Testing-practice\stringLength.js">
      <metrics statements="7" coveredstatements="7" conditionals="4" coveredconditionals="4" methods="1" coveredmethods="1"/>
      <line num="1" count="1" type="stmt"/>
      <line num="2" count="3" type="cond" truecount="2" falsecount="0"/>
      <line num="3" count="1" type="stmt"/>
      <line num="5" count="2" type="cond" truecount="2" falsecount="0"/>
      <line num="6" count="1" type="stmt"/>
      <line num="8" count="1" type="stmt"/>
      <line num="11" count="1" type="stmt"/>
    </file>
  </project>
</coverage>
